<?xml version="1.0" encoding="UTF-8"?>
<!-- Generated by org.testng.reporters.JUnitXMLReporter -->
<testsuite ignored="0" hostname="LAPTOP-A39METFF" failures="1" tests="4" name="LoginTest" time="53.355" errors="0" timestamp="24 Jan 2023 12:51:21 GMT">
  <testcase classname="com.inetBanking.testCases.TC_LoginTest_001" name="LoginTest" time="2.678"/>
  <testcase classname="com.inetBanking.testCases.TC_LoginDDT_002" name="LoginDDT" time="11.245"/>
  <testcase classname="com.inetBanking.testCases.TC_LoginDDT_002" name="LoginDDT" time="12.47"/>
  <testcase classname="com.inetBanking.testCases.TC_AddNewCust_003" name="AddNewCustomer" time="13.299">
    <failure type="java.lang.AssertionError">
      <![CDATA[java.lang.AssertionError
at org.junit.Assert.fail(Assert.java:87)
at org.junit.Assert.assertTrue(Assert.java:42)
at org.junit.Assert.assertTrue(Assert.java:53)
at com.inetBanking.testCases.TC_AddNewCust_003.AddNewCustomer(TC_AddNewCust_003.java:49)
... Removed 29 stack frames]]>
    </failure>
  </testcase> <!-- AddNewCustomer -->
</testsuite> <!-- LoginTest -->
